2026/05/16 02:06:53 INFO  - jmeter.util.JMeterUtils: Setting Locale to es_ES 
2026/05/16 02:06:53 INFO  - jmeter.util.JMeterUtils: Could not find resources for 'es_ES', using 'es' 
2026/05/16 02:06:53 INFO  - jmeter.JMeter: Loading user properties from: /usr/share/jmeter/bin/user.properties 
2026/05/16 02:06:53 INFO  - jmeter.JMeter: Loading system properties from: /usr/share/jmeter/bin/system.properties 
2026/05/16 02:06:53 INFO  - jmeter.JMeter: Setting JMeter property: jmeter.save.saveservice.output_format=xml 
2026/05/16 02:06:53 INFO  - jmeter.JMeter: Copyright (c) 1998-2015 The Apache Software Foundation 
2026/05/16 02:06:53 INFO  - jmeter.JMeter: Version 2.13.19691222 
2026/05/16 02:06:53 INFO  - jmeter.JMeter: java.version=21.0.10 
2026/05/16 02:06:53 INFO  - jmeter.JMeter: java.vm.name=OpenJDK 64-Bit Server VM 
2026/05/16 02:06:53 INFO  - jmeter.JMeter: os.name=Linux 
2026/05/16 02:06:53 INFO  - jmeter.JMeter: os.arch=amd64 
2026/05/16 02:06:53 INFO  - jmeter.JMeter: os.version=6.8.0-111-generic 
2026/05/16 02:06:53 INFO  - jmeter.JMeter: file.encoding=UTF-8 
2026/05/16 02:06:53 INFO  - jmeter.JMeter: Default Locale=español (España) 
2026/05/16 02:06:53 INFO  - jmeter.JMeter: JMeter  Locale=español (España) 
2026/05/16 02:06:53 INFO  - jmeter.JMeter: JMeterHome=/usr/share/jmeter 
2026/05/16 02:06:53 INFO  - jmeter.JMeter: user.dir  =/home/sergio/cp1-2-reto2/helloworld 
2026/05/16 02:06:53 INFO  - jmeter.JMeter: PWD       =/home/sergio/cp1-2-reto2/helloworld 
2026/05/16 02:06:53 INFO  - jmeter.JMeter: IP: 127.0.1.1 Name: sergiozapatero FullName: sergiozapatero.myguest.virtualbox.org 
2026/05/16 02:06:53 INFO  - jmeter.services.FileServer: Default base='/home/sergio/cp1-2-reto2/helloworld' 
2026/05/16 02:06:53 INFO  - jmeter.services.FileServer: Set new base='/home/sergio/cp1-2-reto2/helloworld/performance' 
2026/05/16 02:06:53 INFO  - jmeter.save.SaveService: Testplan (JMX) version: 2.2. Testlog (JTL) version: 2.2 
2026/05/16 02:06:53 INFO  - jmeter.save.SaveService: Using SaveService properties version 2.8 
2026/05/16 02:06:53 INFO  - jmeter.save.SaveService: Using SaveService properties file version 1656252 
2026/05/16 02:06:53 INFO  - jmeter.save.SaveService: Using SaveService properties file encoding UTF-8 
2026/05/16 02:06:53 INFO  - jmeter.save.SaveService: All converter versions present and correct 
2026/05/16 02:06:53 INFO  - jmeter.save.SaveService: Loading file: performance/test.jmx 
2026/05/16 02:06:53 ERROR - jmeter.JMeter: Error in NonGUIDriver com.thoughtworks.xstream.security.ForbiddenClassException: org.apache.jmeter.save.ScriptWrapper
	at com.thoughtworks.xstream.security.NoTypePermission.allows(NoTypePermission.java:26)
	at com.thoughtworks.xstream.mapper.SecurityMapper.realClass(SecurityMapper.java:74)
	at com.thoughtworks.xstream.mapper.MapperWrapper.realClass(MapperWrapper.java:125)
	at org.apache.jmeter.save.SaveService$XStreamWrapper$1.realClass(SaveService.java:94)
	at com.thoughtworks.xstream.mapper.MapperWrapper.realClass(MapperWrapper.java:125)
	at com.thoughtworks.xstream.mapper.CachingMapper.realClass(CachingMapper.java:47)
	at com.thoughtworks.xstream.core.util.HierarchicalStreams.readClassType(HierarchicalStreams.java:29)
	at com.thoughtworks.xstream.core.TreeUnmarshaller.start(TreeUnmarshaller.java:133)
	at com.thoughtworks.xstream.core.AbstractTreeMarshallingStrategy.unmarshal(AbstractTreeMarshallingStrategy.java:32)
	at com.thoughtworks.xstream.XStream.unmarshal(XStream.java:1392)
	at com.thoughtworks.xstream.XStream.unmarshal(XStream.java:1377)
	at com.thoughtworks.xstream.XStream.fromXML(XStream.java:1262)
	at org.apache.jmeter.save.SaveService.readTree(SaveService.java:559)
	at org.apache.jmeter.save.SaveService.loadTree(SaveService.java:537)
	at org.apache.jmeter.JMeter.runNonGui(JMeter.java:751)
	at org.apache.jmeter.JMeter.startNonGui(JMeter.java:738)
	at org.apache.jmeter.JMeter.start(JMeter.java:397)
	at java.base/jdk.internal.reflect.DirectMethodHandleAccessor.invoke(DirectMethodHandleAccessor.java:103)
	at java.base/java.lang.reflect.Method.invoke(Method.java:580)
	at org.apache.jmeter.NewDriver.main(NewDriver.java:264)

