2026/05/16 02:07:11 INFO  - jmeter.util.JMeterUtils: Setting Locale to es_ES 
2026/05/16 02:07:11 INFO  - jmeter.util.JMeterUtils: Could not find resources for 'es_ES', using 'es' 
2026/05/16 02:07:11 INFO  - jmeter.JMeter: Loading user properties from: /usr/share/jmeter/bin/user.properties 
2026/05/16 02:07:11 INFO  - jmeter.JMeter: Loading system properties from: /usr/share/jmeter/bin/system.properties 
2026/05/16 02:07:11 INFO  - jmeter.JMeter: Copyright (c) 1998-2015 The Apache Software Foundation 
2026/05/16 02:07:11 INFO  - jmeter.JMeter: Version 2.13.19691222 
2026/05/16 02:07:11 INFO  - jmeter.JMeter: java.version=21.0.10 
2026/05/16 02:07:11 INFO  - jmeter.JMeter: java.vm.name=OpenJDK 64-Bit Server VM 
2026/05/16 02:07:11 INFO  - jmeter.JMeter: os.name=Linux 
2026/05/16 02:07:11 INFO  - jmeter.JMeter: os.arch=amd64 
2026/05/16 02:07:11 INFO  - jmeter.JMeter: os.version=6.8.0-111-generic 
2026/05/16 02:07:11 INFO  - jmeter.JMeter: file.encoding=UTF-8 
2026/05/16 02:07:11 INFO  - jmeter.JMeter: Default Locale=español (España) 
2026/05/16 02:07:11 INFO  - jmeter.JMeter: JMeter  Locale=español (España) 
2026/05/16 02:07:11 INFO  - jmeter.JMeter: JMeterHome=/usr/share/jmeter 
2026/05/16 02:07:11 INFO  - jmeter.JMeter: user.dir  =/home/sergio/cp1-2-reto2/helloworld/performance 
2026/05/16 02:07:11 INFO  - jmeter.JMeter: PWD       =/home/sergio/cp1-2-reto2/helloworld/performance 
2026/05/16 02:07:11 INFO  - jmeter.JMeter: IP: 127.0.1.1 Name: sergiozapatero FullName: sergiozapatero.myguest.virtualbox.org 
2026/05/16 02:07:11 INFO  - jmeter.gui.action.LookAndFeelCommand: Using look and feel: javax.swing.plaf.metal.MetalLookAndFeel [Metal, CrossPlatform] 
2026/05/16 02:07:11 INFO  - jmeter.JMeter: Loaded icon properties from org/apache/jmeter/images/icon.properties 
2026/05/16 02:07:11 INFO  - jmeter.engine.util.CompoundVariable: Note: Function class names must contain the string: '.functions.' 
2026/05/16 02:07:11 INFO  - jmeter.engine.util.CompoundVariable: Note: Function class names must not contain the string: '.gui.' 
2026/05/16 02:07:12 FATAL - jmeter.JMeter: An error occurred:  java.lang.reflect.InaccessibleObjectException: Unable to make field private static java.lang.String sun.awt.X11.XToolkit.awtAppClassName accessible: module java.desktop does not "opens sun.awt.X11" to unnamed module @65e579dc
	at java.base/java.lang.reflect.AccessibleObject.throwInaccessibleObjectException(AccessibleObject.java:391)
	at java.base/java.lang.reflect.AccessibleObject.checkCanSetAccessible(AccessibleObject.java:367)
	at java.base/java.lang.reflect.AccessibleObject.checkCanSetAccessible(AccessibleObject.java:315)
	at java.base/java.lang.reflect.Field.checkCanSetAccessible(Field.java:183)
	at java.base/java.lang.reflect.Field.setAccessible(Field.java:177)
	at org.apache.jmeter.gui.MainFrame.setWindowTitle(MainFrame.java:808)
	at org.apache.jmeter.gui.MainFrame.init(MainFrame.java:512)
	at org.apache.jmeter.gui.MainFrame.<init>(MainFrame.java:219)
	at org.apache.jmeter.JMeter.startGui(JMeter.java:242)
	at org.apache.jmeter.JMeter.start(JMeter.java:387)
	at java.base/jdk.internal.reflect.DirectMethodHandleAccessor.invoke(DirectMethodHandleAccessor.java:103)
	at java.base/java.lang.reflect.Method.invoke(Method.java:580)
	at org.apache.jmeter.NewDriver.main(NewDriver.java:264)

